 *******************************************************************************
 ** Site#: 32691        For non-commercial use only    Version 19.179W 32BITS **
 *******************************************************************************
 ** Cite this program as: MOPAC2016, Version: 19.179W, James J. P. Stewart,   **
 ** Stewart Computational Chemistry, web: HTTP://OpenMOPAC.net. Days left: 246**
 *******************************************************************************
 **                                                                           **
 **                                MOPAC2016                                  **
 **                                                                           **
 *******************************************************************************

                              PM7 CALCULATION RESULTS

 *******************************************************************************
 *  CALCULATION DONE:                                Fri Oct 25 11:02:28 2019  *
 *  T=         - A TIME OF 172800.0 SECONDS REQUESTED
 *  DUMP=N     - RESTART FILE WRITTEN EVERY  7200.000 SECONDS
 *******************************************************************************

 4-diethylaminobenzaldehyde.mop

  ATOM    CHEMICAL      BOND LENGTH      BOND ANGLE     TWIST ANGLE 
 NUMBER    SYMBOL       (ANGSTROMS)      (DEGREES)       (DEGREES) 
   (I)                     NA:I           NB:NA:I       NC:NB:NA:I       NA    NB    NC 
     1       C          0.00000000       0.0000000       0.0000000        0     0     0
     2       C          1.34353200  *    0.0000000       0.0000000        1     0     0
     3       C          1.34171300  *  120.9062990  *    0.0000000        2     1     0
     4       C          1.34142200  *  116.9720770  *    0.0000430  *     3     2     1
     5       C          1.34369400  *  120.8296200  *    0.0002090  *     4     3     2
     6       C          1.35430600  *  124.1706180  *   -0.0003430  *     1     2     3
     7       C          1.36028900  *  121.0982370  * -179.9999260  *     3     2     1
     8       O          1.21144700  *  125.7732240  *  179.9997660  *     7     3     2
     9       N          1.29131000  *  123.5410230  * -179.9997100  *     6     1     2
    10       C          1.49936700  *  116.8985350  *    0.0041110  *     9     6     1
    11       C          1.49934200  *  116.8262860  * -179.9958910  *     9     6     1
    12       C          1.53368700  *  123.0398680  *  179.9859570  *    11     9     6
    13       C          1.53370300  *  123.0189880  *  179.9841720  *    10     9     6
    14       H          1.10102900  *  112.8387900  *  179.9986940  *     1     2     3
    15       H          1.10439800  *  118.5241630  * -179.9999770  *     2     1     6
    16       H          1.10374500  *  120.8876490  *  179.9998110  *     4     3     2
    17       H          1.10105800  *  112.8103600  *  179.9987850  *     5     4     3
    18       H          1.11599400  *  115.1843430  *   -0.0002450  *     7     3     2
    19       H          1.11946900  *  108.0974350  *  -59.4092620  *    10     9     6
    20       H          1.11947100  *  108.0975330  *   59.3862320  *    10     9     6
    21       H          1.11947500  *  108.0972500  *  -59.4233430  *    11     9     6
    22       H          1.11947700  *  108.0971880  *   59.4030670  *    11     9     6
    23       H          1.11554300  *  110.4519270  * -179.9951040  *    12    11     9
    24       H          1.11182700  *  112.2566030  *  -62.5835290  *    12    11     9
    25       H          1.11182300  *  112.2581150  *   62.5943180  *    12    11     9
    26       H          1.11554400  *  110.4593070  * -179.9945550  *    13    10     9
    27       H          1.11184100  *  112.2507580  *  -62.5781640  *    13    10     9
    28       H          1.11183800  *  112.2524250  *   62.5900680  *    13    10     9
 


          CARTESIAN COORDINATES 

    NO.       ATOM           X           Y           Z

     1         C          0.0000      0.0000      0.0000
     2         C          1.3435      0.0000      0.0000
     3         C          2.0327      1.1512      0.0000
     4         C          1.3194      2.2873      0.0000
     5         C         -0.0239      2.2570      0.0000
     6         C         -0.7607      1.1205      0.0000
     7         C          3.3930      1.1558     -0.0000
     8         O          4.0979      2.1410     -0.0000
     9         N         -2.0519      1.1063      0.0000
    10         C         -2.7155     -0.2382      0.0001
    11         C         -2.7432      2.4368     -0.0001
    12         C         -4.2696      2.5860     -0.0004
    13         C         -4.2386     -0.4185      0.0005
    14         H         -0.4274     -1.0147     -0.0000
    15         H          1.8709     -0.9703     -0.0000
    16         H          1.8204      3.2708      0.0000
    17         H         -0.4736      3.2620      0.0000
    18         H          3.8712      0.1474      0.0000
    19         H         -2.3838     -0.7898     -0.9158
    20         H         -2.3835     -0.7898      0.9159
    21         H         -2.4232      2.9950      0.9160
    22         H         -2.4229      2.9950     -0.9161
    23         H         -4.5558      3.6642     -0.0005
    24         H         -4.7346      2.1555     -0.9139
    25         H         -4.7350      2.1556      0.9130
    26         H         -4.5029     -1.5022      0.0006
    27         H         -4.7121      0.0026      0.9140
    28         H         -4.7126      0.0025     -0.9129

 General Reference for PM7:
 "Optimization of Parameters for Semiempirical Methods VI: More Modifications to the 
 NDDO Approximations and Re-optimization of Parameters", J. J. P. Stewart, J. Mol. Mod., 1:32, 19 (2013)
 http://www.springerlink.com/openurl.asp?genre=article&id=doi:10.1007/s00894-012-1667-x

           Empirical Formula: C11 H15 N O  =    28 atoms



      MOLECULAR POINT GROUP   :   Cs  


      RHF CALCULATION, NO. OF DOUBLY OCCUPIED LEVELS = 35


          Geometry optimization using EF

          DIAGONAL MATRIX USED AS START HESSIAN

 CYCLE:     1 TIME:   0.078 TIME LEFT:  2.00D  GRAD.:   623.599 HEAT:  26.98188
 CYCLE:     2 TIME:   0.094 TIME LEFT:  2.00D  GRAD.:   371.505 HEAT:  17.34000
 CYCLE:     3 TIME:   0.031 TIME LEFT:  2.00D  GRAD.:   203.089 HEAT:  4.537791
 CYCLE:     4 TIME:   0.016 TIME LEFT:  2.00D  GRAD.:    85.050 HEAT: -5.591183
 CYCLE:     5 TIME:   0.031 TIME LEFT:  2.00D  GRAD.:    95.565 HEAT: -6.519509
 CYCLE:     6 TIME:   0.016 TIME LEFT:  2.00D  GRAD.:    93.110 HEAT: -7.316582
 CYCLE:     7 TIME:   0.031 TIME LEFT:  2.00D  GRAD.:    43.620 HEAT: -8.231559
 CYCLE:     8 TIME:   0.016 TIME LEFT:  2.00D  GRAD.:    30.181 HEAT: -8.358810
 CYCLE:     9 TIME:   0.016 TIME LEFT:  2.00D  GRAD.:    24.769 HEAT: -8.476841
 CYCLE:    10 TIME:   0.047 TIME LEFT:  2.00D  GRAD.:    10.507 HEAT: -8.516563
 CYCLE:    11 TIME:   0.016 TIME LEFT:  2.00D  GRAD.:    19.195 HEAT: -8.535808
 CYCLE:    12 TIME:   0.031 TIME LEFT:  2.00D  GRAD.:     2.568 HEAT: -8.555580
 CYCLE:    13 TIME:   0.016 TIME LEFT:  2.00D  GRAD.:     2.778 HEAT: -8.559168
 CYCLE:    14 TIME:   0.016 TIME LEFT:  2.00D  GRAD.:     0.791 HEAT: -8.560201

     GRADIENT =  0.79062 IS LESS THAN CUTOFF =  1.00000



 -------------------------------------------------------------------------------

 4-diethylaminobenzaldehyde.mop



     GEOMETRY OPTIMISED USING EIGENVECTOR FOLLOWING (EF).     
     SCF FIELD WAS ACHIEVED                                   


                              PM7 CALCULATION
                                                       MOPAC2016 (Version: 19.179W)
                                                       Fri Oct 25 11:02:28 2019
                                                       No. of days remaining = 246




          FINAL HEAT OF FORMATION =         -8.56020 KCAL/MOL =     -35.81589 KJ/MOL


          TOTAL ENERGY            =      -2034.33188 EV
          ELECTRONIC ENERGY       =     -11917.22295 EV  POINT GROUP:     Cs  
          CORE-CORE REPULSION     =       9882.89106 EV
          COSMO AREA              =        222.49 SQUARE ANGSTROMS
          COSMO VOLUME            =        231.80 CUBIC ANGSTROMS

          GRADIENT NORM           =          0.79062 = 0.14941 PER ATOM
          IONIZATION POTENTIAL    =          8.152813 EV
          HOMO LUMO ENERGIES (EV) =         -8.153 -0.078
          NO. OF FILLED LEVELS    =         35
          MOLECULAR WEIGHT        =        177.2456

          MOLECULAR DIMENSIONS (Angstroms)

            Atom       Atom       Distance
            H    26    O     8     9.47075
            H    23    H    15     6.72755
            H    21    H    19     1.81296


          SCF CALCULATIONS        =         18
 
          WALL-CLOCK TIME         =          0.484 SECONDS
          COMPUTATION TIME        =          0.811 SECONDS




  ATOM    CHEMICAL      BOND LENGTH      BOND ANGLE     TWIST ANGLE 
 NUMBER    SYMBOL       (ANGSTROMS)      (DEGREES)       (DEGREES) 
   (I)                     NA:I           NB:NA:I       NC:NB:NA:I       NA    NB    NC 
     1       C          0.00000000       0.0000000       0.0000000        0     0     0
     2       C          1.38279650  *    0.0000000       0.0000000        1     0     0
     3       C          1.39759245  *  120.9990653  *    0.0000000        2     1     0
     4       C          1.39891167  *  118.9037772  *    0.0305288  *     3     2     1
     5       C          1.38302331  *  121.1152997  *   -0.0081717  *     4     3     2
     6       C          1.42305851  *  120.7583403  *    0.0030833  *     1     2     3
     7       C          1.46402331  *  121.0400664  * -179.9906022  *     3     2     1
     8       O          1.21163209  *  122.5987977  *  179.9994151  *     7     3     2
     9       N          1.38265891  *  121.1796365  *  179.9839835  *     6     1     2
    10       C          1.47527438  *  116.3065522  *    0.0294175  *     9     6     1
    11       C          1.47584149  *  116.2229363  * -179.9600653  *     9     6     1
    12       C          1.52433189  *  120.0737739  *  179.9694896  *    11     9     6
    13       C          1.52452042  *  120.0492121  *  179.9858778  *    10     9     6
    14       H          1.08308898  *  118.1197458  *  179.9875521  *     1     2     3
    15       H          1.09211582  *  119.3091140  *  179.9898944  *     2     1     6
    16       H          1.09616540  *  118.7594762  *  179.9893784  *     4     3     2
    17       H          1.08341768  *  118.1057169  *  179.9789744  *     5     4     3
    18       H          1.09927649  *  117.7140280  *   -0.0036036  *     7     3     2
    19       H          1.12310830  *  106.9571351  *  -57.5159852  *    10     9     6
    20       H          1.12312043  *  106.9606957  *   57.4743051  *    10     9     6
    21       H          1.12338258  *  106.9240366  *  -57.5182429  *    11     9     6
    22       H          1.12340065  *  106.9153107  *   57.4797471  *    11     9     6
    23       H          1.10053455  *  109.4107568  *  179.9995565  *    12    11     9
    24       H          1.09572366  *  112.5013756  *  -61.8309835  *    12    11     9
    25       H          1.09573054  *  112.5125509  *   61.8236421  *    12    11     9
    26       H          1.10033716  *  109.4344059  * -179.9762591  *    13    10     9
    27       H          1.09587753  *  112.4834814  *  -61.7733906  *    13    10     9
    28       H          1.09586090  *  112.4770587  *   61.8302183  *    13    10     9

                             CARTESIAN COORDINATES

   1    C        0.000000000     0.000000000     0.000000000
   2    C        1.382796499     0.000000000     0.000000000
   3    C        2.102590281     1.197982289     0.000000000
   4    C        1.401081253     2.408287420     0.000652530
   5    C        0.018276373     2.432862323     0.001121967
   6    C       -0.727777993     1.222879677    -0.000065809
   7    C        3.566613197     1.199029959    -0.000205747
   8    O        4.218653127     2.220252885    -0.000221573
   9    N       -2.110399482     1.233046290    -0.000397033
  10    C       -2.773908923    -0.084599166     0.000005123
  11    C       -2.752769416     2.561755459    -0.001355673
  12    C       -4.272865526     2.675308271    -0.002484503
  13    C       -4.295868586    -0.172924059     0.000007998
  14    H       -0.510477016    -0.955246000    -0.000207533
  15    H        1.917410307    -0.952315594     0.000219215
  16    H        1.967997538     3.346468890     0.000829202
  17    H       -0.475059635     3.397441371     0.001970796
  18    H        4.078537677     0.226228792    -0.000298692
  19    H       -2.405705748    -0.637034296    -0.905872404
  20    H       -2.405581350    -0.636622616     0.906098054
  21    H       -2.375696348     3.107939662     0.905003607
  22    H       -2.374620450     3.106975889    -0.907869361
  23    H       -4.560275818     3.737650621    -0.003081319
  24    H       -4.726001587     2.229654846    -0.895048829
  25    H       -4.727482151     2.230262380     0.889638418
  26    H       -4.601248951    -1.230035277     0.000764291
  27    H       -4.742007650     0.281180779     0.892026097
  28    H       -4.741808477     0.279759595    -0.892811266


           Empirical Formula: C11 H15 N O  =    28 atoms



      MOLECULAR POINT GROUP   :   Cs  


                  EIGENVALUES  
 -36.52603 -30.57295 -29.92218 -27.80542 -27.69884 -25.87892 -25.52551 -22.90765
 -22.32615 -20.94686 -20.21982 -19.46927 -18.21517 -17.10026 -16.53031 -16.04840
 -15.39526 -15.04458 -14.91993 -14.37358 -14.35898 -14.32414 -13.96901 -13.84678
 -13.62284 -13.16100 -12.74344 -12.67023 -12.37125 -12.30679 -11.54264 -10.56823
  -9.95771  -9.75496  -8.15281  -0.07794   0.36901   1.53076   1.53274   2.75185
   3.44033   3.50076   3.95527   4.00711   4.56533   4.62691   4.79706   4.89008
   4.92814   4.97910   5.11175   5.25982   5.32337   5.33164   5.38404   5.40873
   5.63253   5.67097   5.69494   5.77815   5.86879   6.12180   6.19678   6.24676
   6.40907   6.43919   6.60623


              NET ATOMIC CHARGES AND DIPOLE CONTRIBUTIONS

  ATOM NO.   TYPE          CHARGE      No. of ELECS.   s-Pop       p-Pop       
    1          C          -0.353970        4.3540     1.06758     3.28639
    2          C           0.001812        3.9982     1.08719     2.91100
    3          C          -0.301880        4.3019     1.06124     3.24064
    4          C           0.035668        3.9643     1.09251     2.87183
    5          C          -0.360928        4.3609     1.06855     3.29238
    6          C           0.308917        3.6911     1.06468     2.62641
    7          C           0.361801        3.6382     1.12832     2.50988
    8          O          -0.469142        6.4691     1.87928     4.58986
    9          N          -0.460029        5.4600     1.55156     3.90847
   10          C          -0.033920        4.0339     1.06164     2.97228
   11          C          -0.032393        4.0324     1.06199     2.97040
   12          C          -0.459279        4.4593     1.05600     3.40328
   13          C          -0.458022        4.4580     1.05598     3.40205
   14          H           0.156852        0.8431     0.84315
   15          H           0.142071        0.8579     0.85793
   16          H           0.165839        0.8342     0.83416
   17          H           0.160237        0.8398     0.83976
   18          H           0.100818        0.8992     0.89918
   19          H           0.140159        0.8598     0.85984
   20          H           0.140186        0.8598     0.85981
   21          H           0.142182        0.8578     0.85782
   22          H           0.142187        0.8578     0.85781
   23          H           0.154287        0.8457     0.84571
   24          H           0.155460        0.8445     0.84454
   25          H           0.155471        0.8445     0.84453
   26          H           0.153352        0.8466     0.84665
   27          H           0.156142        0.8439     0.84386
   28          H           0.156125        0.8439     0.84387
 DIPOLE           X         Y         Z       TOTAL
 POINT-CHG.    -6.119    -2.255    -0.001     6.521
 HYBRID        -0.421     0.132    -0.000     0.441
 SUM           -6.540    -2.124    -0.002     6.876


          ATOMIC ORBITAL ELECTRON POPULATIONS

     Atom    s        px        py        pz   
    1  C   1.06758   1.02267   1.05135   1.21237
    2  C   1.08719   0.99327   1.04036   0.87737
    3  C   1.06124   1.02101   1.00524   1.21439
    4  C   1.09251   0.98414   1.05006   0.83763
    5  C   1.06855   1.02535   1.05175   1.21528
    6  C   1.06468   0.79501   0.98225   0.84914
    7  C   1.12832   0.90826   0.92525   0.67637
    8  O   1.87928   1.72239   1.47233   1.39514
    9  N   1.55156   1.09845   1.09854   1.71148
   10  C   1.06164   0.97740   0.85008   1.14481
   11  C   1.06199   0.97991   0.84418   1.14631
   12  C   1.05600   1.03841   1.18112   1.18376
   13  C   1.05598   1.03627   1.18141   1.18437
   14  H   0.84315
   15  H   0.85793
   16  H   0.83416
   17  H   0.83976
   18  H   0.89918
   19  H   0.85984
   20  H   0.85981
   21  H   0.85782
   22  H   0.85781
   23  H   0.84571
   24  H   0.84454
   25  H   0.84453
   26  H   0.84665
   27  H   0.84386
   28  H   0.84387

 **********************
 *                    *
 * JOB ENDED NORMALLY *
 *                    *
 **********************



 TOTAL JOB TIME:             0.48 SECONDS

 == MOPAC DONE ==
