 *******************************************************************************
 ** Site#: 32691        For non-commercial use only    Version 19.179W 32BITS **
 *******************************************************************************
 ** Cite this program as: MOPAC2016, Version: 19.179W, James J. P. Stewart,   **
 ** Stewart Computational Chemistry, web: HTTP://OpenMOPAC.net. Days left: 246**
 *******************************************************************************
 **                                                                           **
 **                                MOPAC2016                                  **
 **                                                                           **
 *******************************************************************************

                              PM7 CALCULATION RESULTS

 *******************************************************************************
 *  CALCULATION DONE:                                Fri Oct 25 10:53:36 2019  *
 *  T=         - A TIME OF 172800.0 SECONDS REQUESTED
 *  DUMP=N     - RESTART FILE WRITTEN EVERY  7200.000 SECONDS
 *******************************************************************************

 4-dimethylaminobenzaldehyde.mop

  ATOM    CHEMICAL      BOND LENGTH      BOND ANGLE     TWIST ANGLE 
 NUMBER    SYMBOL       (ANGSTROMS)      (DEGREES)       (DEGREES) 
   (I)                     NA:I           NB:NA:I       NC:NB:NA:I       NA    NB    NC 
     1       C          0.00000000       0.0000000       0.0000000        0     0     0
     2       C          1.34368800  *    0.0000000       0.0000000        1     0     0
     3       C          1.34156800  *  120.9101060  *    0.0000000        2     1     0
     4       C          1.34131700  *  116.8987680  *   -0.0018040  *     3     2     1
     5       C          1.34388600  *  120.8367520  *    0.0000300  *     4     3     2
     6       C          1.35293000  *  124.2152660  *    0.0018310  *     1     2     3
     7       C          1.36027100  *  121.1290530  *  179.9982630  *     3     2     1
     8       O          1.21147500  *  125.7772660  * -179.9984710  *     7     3     2
     9       N          1.28524400  *  123.5514430  *  179.9999510  *     6     1     2
    10       C          1.49437600  *  123.1218560  *   -0.0005480  *     9     6     1
    11       C          1.49438200  *  123.0680540  *  179.9986360  *     9     6     1
    12       H          1.09807500  *  112.5267130  * -179.9976950  *     1     2     3
    13       H          1.10449200  *  118.5685100  * -179.9993660  *     2     1     6
    14       H          1.10382800  *  120.8349430  * -179.9995390  *     4     3     2
    15       H          1.09810300  *  112.5091030  * -179.9983220  *     5     4     3
    16       H          1.11601400  *  115.1804020  *    0.0011380  *     7     3     2
    17       H          1.10409900  *  118.7985820  *   -0.0334150  *    10     9     6
    18       H          1.11389200  *  109.0331040  *  121.3604150  *    10     9     6
    19       H          1.11389100  *  109.0321230  * -121.4141830  *    10     9     6
    20       H          1.10406900  *  118.8272110  *   -0.0330820  *    11     9     6
    21       H          1.11388600  *  109.0302950  *  121.3651170  *    11     9     6
    22       H          1.11388600  *  109.0290030  * -121.4172100  *    11     9     6
 


          CARTESIAN COORDINATES 

    NO.       ATOM           X           Y           Z

     1         C          0.0000      0.0000      0.0000
     2         C          1.3437      0.0000      0.0000
     3         C          2.0328      1.1510      0.0000
     4         C          1.3183      2.2862     -0.0000
     5         C         -0.0252      2.2544     -0.0001
     6         C         -0.7608      1.1188     -0.0000
     7         C          3.3931      1.1562      0.0000
     8         O          4.0976      2.1418      0.0001
     9         N         -2.0459      1.1039     -0.0000
    10         C         -2.8479     -0.1570     -0.0000
    11         C         -2.8758      2.3467     -0.0000
    12         H         -0.4207     -1.0143      0.0000
    13         H          1.8719     -0.9700      0.0000
    14         H          1.8189      3.2699     -0.0000
    15         H         -0.4695      3.2586     -0.0001
    16         H          3.8718      0.1481      0.0000
    17         H         -2.3170     -1.1251     -0.0006
    18         H         -3.5053     -0.1694      0.8992
    19         H         -3.5060     -0.1690     -0.8987
    20         H         -2.3670      3.3265      0.0005
    21         H         -3.5333      2.3444     -0.8992
    22         H         -3.5339      2.3439      0.8986

 General Reference for PM7:
 "Optimization of Parameters for Semiempirical Methods VI: More Modifications to the 
 NDDO Approximations and Re-optimization of Parameters", J. J. P. Stewart, J. Mol. Mod., 1:32, 19 (2013)
 http://www.springerlink.com/openurl.asp?genre=article&id=doi:10.1007/s00894-012-1667-x

           Empirical Formula: C9 H11 N O  =    22 atoms



      MOLECULAR POINT GROUP   :   Cs  


      RHF CALCULATION, NO. OF DOUBLY OCCUPIED LEVELS = 29


          Geometry optimization using EF

          DIAGONAL MATRIX USED AS START HESSIAN

 CYCLE:     1 TIME:   0.047 TIME LEFT:  2.00D  GRAD.:   614.188 HEAT:  29.09675
 CYCLE:     2 TIME:   0.094 TIME LEFT:  2.00D  GRAD.:   368.668 HEAT:  19.74281
 CYCLE:     3 TIME:   0.016 TIME LEFT:  2.00D  GRAD.:   198.661 HEAT:  7.146785
 CYCLE:     4 TIME:   0.031 TIME LEFT:  2.00D  GRAD.:    84.702 HEAT: -2.549321
 CYCLE:     5 TIME:   0.016 TIME LEFT:  2.00D  GRAD.:    95.044 HEAT: -3.602380
 CYCLE:     6 TIME:   0.031 TIME LEFT:  2.00D  GRAD.:    93.615 HEAT: -4.815003
 CYCLE:     7 TIME:   0.016 TIME LEFT:  2.00D  GRAD.:    62.253 HEAT: -5.692124
 CYCLE:     8 TIME:   0.016 TIME LEFT:  2.00D  GRAD.:    11.045 HEAT: -5.952605
 CYCLE:     9 TIME:   0.016 TIME LEFT:  2.00D  GRAD.:    20.140 HEAT: -5.969446
 CYCLE:    10 TIME:   0.016 TIME LEFT:  2.00D  GRAD.:    15.506 HEAT: -6.012949
 CYCLE:    11 TIME:   0.016 TIME LEFT:  2.00D  GRAD.:     7.119 HEAT: -6.050391
 CYCLE:    12 TIME:   0.016 TIME LEFT:  2.00D  GRAD.:     2.653 HEAT: -6.054359
 CYCLE:    13 TIME:   0.016 TIME LEFT:  2.00D  GRAD.:     1.093 HEAT: -6.055903
 CYCLE:    14 TIME:   0.016 TIME LEFT:  2.00D  GRAD.:     0.346 HEAT: -6.056575

     GRADIENT =  0.34580 IS LESS THAN CUTOFF =  1.00000



 -------------------------------------------------------------------------------

 4-dimethylaminobenzaldehyde.mop



     GEOMETRY OPTIMISED USING EIGENVECTOR FOLLOWING (EF).     
     SCF FIELD WAS ACHIEVED                                   


                              PM7 CALCULATION
                                                       MOPAC2016 (Version: 19.179W)
                                                       Fri Oct 25 10:53:36 2019
                                                       No. of days remaining = 246




          FINAL HEAT OF FORMATION =         -6.05658 KCAL/MOL =     -25.34071 KJ/MOL


          TOTAL ENERGY            =      -1734.76519 EV
          ELECTRONIC ENERGY       =      -8990.92465 EV  POINT GROUP:     Cs  
          CORE-CORE REPULSION     =       7256.15946 EV
          COSMO AREA              =        190.64 SQUARE ANGSTROMS
          COSMO VOLUME            =        191.32 CUBIC ANGSTROMS

          GRADIENT NORM           =          0.34580 = 0.07372 PER ATOM
          IONIZATION POTENTIAL    =          8.196112 EV
          HOMO LUMO ENERGIES (EV) =         -8.196 -0.095
          NO. OF FILLED LEVELS    =         29
          MOLECULAR WEIGHT        =        149.1920

          MOLECULAR DIMENSIONS (Angstroms)

            Atom       Atom       Distance
            H    18    O     8     8.13344
            H    20    H    13     5.31914
            H    22    H    19     2.00223


          SCF CALCULATIONS        =         17
 
          WALL-CLOCK TIME         =          0.375 SECONDS
          COMPUTATION TIME        =          0.608 SECONDS




  ATOM    CHEMICAL      BOND LENGTH      BOND ANGLE     TWIST ANGLE 
 NUMBER    SYMBOL       (ANGSTROMS)      (DEGREES)       (DEGREES) 
   (I)                     NA:I           NB:NA:I       NC:NB:NA:I       NA    NB    NC 
     1       C          0.00000000       0.0000000       0.0000000        0     0     0
     2       C          1.38199593  *    0.0000000       0.0000000        1     0     0
     3       C          1.39856983  *  120.8970553  *    0.0000000        2     1     0
     4       C          1.39990717  *  119.1015045  *    0.0270659  *     3     2     1
     5       C          1.38213233  *  121.0147750  *   -0.0147283  *     4     3     2
     6       C          1.42181151  *  120.5262955  *    0.0073185  *     1     2     3
     7       C          1.46414338  *  120.9423573  * -179.9796389  *     3     2     1
     8       O          1.21150482  *  122.5912668  *  179.9977966  *     7     3     2
     9       N          1.36891552  *  120.9372191  *  179.9390633  *     6     1     2
    10       C          1.46218596  *  123.6098693  *    0.0110849  *     9     6     1
    11       C          1.46250485  *  123.5271004  *  179.9904734  *     9     6     1
    12       H          1.08443910  *  119.1365919  *  179.9952605  *     1     2     3
    13       H          1.09225369  *  119.3754468  * -179.9992582  *     2     1     6
    14       H          1.09635413  *  118.7739166  *  179.9816787  *     4     3     2
    15       H          1.08471605  *  119.1271129  *  179.9872763  *     5     4     3
    16       H          1.09926966  *  117.7148417  *   -0.0003412  *     7     3     2
    17       H          1.10320824  *  112.6247861  *   -0.0166085  *    10     9     6
    18       H          1.10598299  *  110.4072903  *  119.9023723  *    10     9     6
    19       H          1.10597435  *  110.3970149  * -119.9199962  *    10     9     6
    20       H          1.10373216  *  112.5661971  *   -0.0469754  *    11     9     6
    21       H          1.10582199  *  110.4034124  *  119.8450689  *    11     9     6
    22       H          1.10583148  *  110.4118565  * -119.9459739  *    11     9     6

                             CARTESIAN COORDINATES

   1    C        0.000000000     0.000000000     0.000000000
   2    C        1.381995934     0.000000000     0.000000000
   3    C        2.100157559     1.200100601     0.000000000
   4    C        1.400173620     2.412438106     0.000577817
   5    C        0.018257473     2.436881291     0.000839416
   6    C       -0.722186051     1.224742934    -0.000156438
   7    C        3.564300416     1.201258293    -0.000446263
   8    O        4.216060967     2.222508567    -0.000497905
   9    N       -2.091065788     1.234560847    -0.001406466
  10    C       -2.909149236     0.022650687    -0.002420232
  11    C       -2.890088588     2.459502886    -0.001430500
  12    H       -0.528006147    -0.947215742    -0.000078353
  13    H        1.917779531    -0.951816179     0.000109254
  14    H        1.968518049     3.349975788     0.000882146
  15    H       -0.492886626     3.393615415     0.001498291
  16    H        4.076308507     0.228508894    -0.000774107
  17    H       -2.302587161    -0.898843138    -0.002362383
  18    H       -3.554041472    -0.008062644     0.895560322
  19    H       -3.552546234    -0.007340820    -0.901486450
  20    H       -2.267827980     3.371101847     0.000503541
  21    H       -3.531898194     2.501123854    -0.900980609
  22    H       -3.534937242     2.499363075     0.896035172


           Empirical Formula: C9 H11 N O  =    22 atoms



      MOLECULAR POINT GROUP   :   Cs  


                  EIGENVALUES  
 -36.88200 -30.60087 -29.97400 -26.64785 -26.38336 -25.11520 -24.39412 -21.81472
 -20.84993 -19.64546 -18.37245 -16.88032 -16.54917 -16.07124 -15.21729 -14.87245
 -14.57145 -14.15175 -14.10099 -13.84492 -13.49936 -13.32572 -13.02809 -12.88799
 -11.66469 -10.86171 -10.01248  -9.76518  -8.19611  -0.09516   0.33781   1.48016
   1.51374   2.71831   3.60223   3.95943   4.38324   4.51505   4.56904   4.85773
   4.88682   4.95405   4.99075   5.11149   5.25124   5.34346   5.62470   5.67473
   5.70052   5.83039   5.89759   6.13197   6.20115   6.40687   6.48150


              NET ATOMIC CHARGES AND DIPOLE CONTRIBUTIONS

  ATOM NO.   TYPE          CHARGE      No. of ELECS.   s-Pop       p-Pop       
    1          C          -0.356420        4.3564     1.06663     3.28979
    2          C           0.002787        3.9972     1.08749     2.90972
    3          C          -0.305572        4.3056     1.06130     3.24427
    4          C           0.036531        3.9635     1.09279     2.87068
    5          C          -0.363054        4.3631     1.06762     3.29543
    6          C           0.331510        3.6685     1.06203     2.60646
    7          C           0.365894        3.6341     1.12779     2.50632
    8          O          -0.469758        6.4698     1.87920     4.59056
    9          N          -0.409662        5.4097     1.52753     3.88213
   10          C          -0.229369        4.2294     1.05862     3.17075
   11          C          -0.227991        4.2280     1.05879     3.16921
   12          H           0.157072        0.8429     0.84293
   13          H           0.143886        0.8561     0.85611
   14          H           0.167753        0.8322     0.83225
   15          H           0.160320        0.8397     0.83968
   16          H           0.100793        0.8992     0.89921
   17          H           0.156308        0.8437     0.84369
   18          H           0.145216        0.8548     0.85478
   19          H           0.145234        0.8548     0.85477
   20          H           0.159310        0.8407     0.84069
   21          H           0.144612        0.8554     0.85539
   22          H           0.144600        0.8554     0.85540
 DIPOLE           X         Y         Z       TOTAL
 POINT-CHG.    -5.987    -2.271    -0.002     6.403
 HYBRID        -0.314     0.134     0.000     0.341
 SUM           -6.301    -2.137    -0.002     6.653


          ATOMIC ORBITAL ELECTRON POPULATIONS

     Atom    s        px        py        pz   
    1  C   1.06663   1.02267   1.04964   1.21748
    2  C   1.08749   0.99291   1.04163   0.87518
    3  C   1.06130   1.02251   1.00346   1.21831
    4  C   1.09279   0.98382   1.05132   0.83555
    5  C   1.06762   1.02531   1.04980   1.22033
    6  C   1.06203   0.78459   0.98307   0.83880
    7  C   1.12779   0.90578   0.92480   0.67574
    8  O   1.87920   1.72208   1.47244   1.39604
    9  N   1.52753   1.08266   1.09017   1.70930
   10  C   1.05862   1.06166   0.94933   1.15976
   11  C   1.05879   1.06673   0.94335   1.15913
   12  H   0.84293
   13  H   0.85611
   14  H   0.83225
   15  H   0.83968
   16  H   0.89921
   17  H   0.84369
   18  H   0.85478
   19  H   0.85477
   20  H   0.84069
   21  H   0.85539
   22  H   0.85540

 **********************
 *                    *
 * JOB ENDED NORMALLY *
 *                    *
 **********************



 TOTAL JOB TIME:             0.39 SECONDS

 == MOPAC DONE ==
