 *******************************************************************************
 ** Site#: 32691        For non-commercial use only    Version 19.179W 32BITS **
 *******************************************************************************
 ** Cite this program as: MOPAC2016, Version: 19.179W, James J. P. Stewart,   **
 ** Stewart Computational Chemistry, web: HTTP://OpenMOPAC.net. Days left: 242**
 *******************************************************************************
 **                                                                           **
 **                                MOPAC2016                                  **
 **                                                                           **
 *******************************************************************************

                              PM7 CALCULATION RESULTS

 *******************************************************************************
 *  CALCULATION DONE:                                Tue Oct 29 11:49:30 2019  *
 *  STATIC     - CALCULATE STATIC FIELD POLARIZABILITIES
 *  T=         - A TIME OF 172800.0 SECONDS REQUESTED
 *  DUMP=N     - RESTART FILE WRITTEN EVERY  7200.000 SECONDS
 *  RELSCF     - DEFAULT SCF CRITERION MULTIPLIED BY 0.0100
 *              (DEFAULT SCF CRITERION = 0.00010)
 *******************************************************************************
STATIC RELSCF=0.01
 4-dimethylaminobenzaldehyde.mop

  ATOM    CHEMICAL      BOND LENGTH      BOND ANGLE     TWIST ANGLE 
 NUMBER    SYMBOL       (ANGSTROMS)      (DEGREES)       (DEGREES) 
   (I)                     NA:I           NB:NA:I       NC:NB:NA:I       NA    NB    NC 
     1       C          0.00000000       0.0000000       0.0000000        0     0     0
     2       C          1.34368800  *    0.0000000       0.0000000        1     0     0
     3       C          1.34156800  *  120.9101060  *    0.0000000        2     1     0
     4       C          1.34131700  *  116.8987680  *   -0.0018040  *     3     2     1
     5       C          1.34388600  *  120.8367520  *    0.0000300  *     4     3     2
     6       C          1.35293000  *  124.2152660  *    0.0018310  *     1     2     3
     7       C          1.36027100  *  121.1290530  *  179.9982630  *     3     2     1
     8       O          1.21147500  *  125.7772660  * -179.9984710  *     7     3     2
     9       N          1.28524400  *  123.5514430  *  179.9999510  *     6     1     2
    10       C          1.49437600  *  123.1218560  *   -0.0005480  *     9     6     1
    11       C          1.49438200  *  123.0680540  *  179.9986360  *     9     6     1
    12       H          1.09807500  *  112.5267130  * -179.9976950  *     1     2     3
    13       H          1.10449200  *  118.5685100  * -179.9993660  *     2     1     6
    14       H          1.10382800  *  120.8349430  * -179.9995390  *     4     3     2
    15       H          1.09810300  *  112.5091030  * -179.9983220  *     5     4     3
    16       H          1.11601400  *  115.1804020  *    0.0011380  *     7     3     2
    17       H          1.10409900  *  118.7985820  *   -0.0334150  *    10     9     6
    18       H          1.11389200  *  109.0331040  *  121.3604150  *    10     9     6
    19       H          1.11389100  *  109.0321230  * -121.4141830  *    10     9     6
    20       H          1.10406900  *  118.8272110  *   -0.0330820  *    11     9     6
    21       H          1.11388600  *  109.0302950  *  121.3651170  *    11     9     6
    22       H          1.11388600  *  109.0290030  * -121.4172100  *    11     9     6
 


          CARTESIAN COORDINATES 

    NO.       ATOM           X           Y           Z

     1         C          0.0000      0.0000      0.0000
     2         C          1.3437      0.0000      0.0000
     3         C          2.0328      1.1510      0.0000
     4         C          1.3183      2.2862     -0.0000
     5         C         -0.0252      2.2544     -0.0001
     6         C         -0.7608      1.1188     -0.0000
     7         C          3.3931      1.1562      0.0000
     8         O          4.0976      2.1418      0.0001
     9         N         -2.0459      1.1039     -0.0000
    10         C         -2.8479     -0.1570     -0.0000
    11         C         -2.8758      2.3467     -0.0000
    12         H         -0.4207     -1.0143      0.0000
    13         H          1.8719     -0.9700      0.0000
    14         H          1.8189      3.2699     -0.0000
    15         H         -0.4695      3.2586     -0.0001
    16         H          3.8718      0.1481      0.0000
    17         H         -2.3170     -1.1251     -0.0006
    18         H         -3.5053     -0.1694      0.8992
    19         H         -3.5060     -0.1690     -0.8987
    20         H         -2.3670      3.3265      0.0005
    21         H         -3.5333      2.3444     -0.8992
    22         H         -3.5339      2.3439      0.8986

 General Reference for PM7:
 "Optimization of Parameters for Semiempirical Methods VI: More Modifications to the 
 NDDO Approximations and Re-optimization of Parameters", J. J. P. Stewart, J. Mol. Mod., 1:32, 19 (2013)
 http://www.springerlink.com/openurl.asp?genre=article&id=doi:10.1007/s00894-012-1667-x

           Empirical Formula: C9 H11 N O  =    22 atoms



      MOLECULAR POINT GROUP   :   Cs  


      RHF CALCULATION, NO. OF DOUBLY OCCUPIED LEVELS = 29


          Geometry optimization using EF
  SCF CRITERION =    0.1000E-05

          DIAGONAL MATRIX USED AS START HESSIAN

 CYCLE:     1 TIME:   0.109 TIME LEFT:  2.00D  GRAD.:   614.214 HEAT:  29.09674
 CYCLE:     2 TIME:   0.438 TIME LEFT:  2.00D  GRAD.:   368.773 HEAT:  19.74331
 CYCLE:     3 TIME:   0.062 TIME LEFT:  2.00D  GRAD.:   199.085 HEAT:  7.148488
 CYCLE:     4 TIME:   0.016 TIME LEFT:  2.00D  GRAD.:    85.762 HEAT: -2.539278
 CYCLE:     5 TIME:   0.016 TIME LEFT:  2.00D  GRAD.:    93.925 HEAT: -3.643873
 CYCLE:     6 TIME:   0.016 TIME LEFT:  2.00D  GRAD.:    95.307 HEAT: -4.771172
 CYCLE:     7 TIME:   0.016 TIME LEFT:  2.00D  GRAD.:    61.176 HEAT: -5.691548
 CYCLE:     8 TIME:   0.000 TIME LEFT:  2.00D  GRAD.:    10.778 HEAT: -5.956267
 CYCLE:     9 TIME:   0.039 TIME LEFT:  2.00D  GRAD.:    11.209 HEAT: -6.030436
 CYCLE:    10 TIME:   0.031 TIME LEFT:  2.00D  GRAD.:     7.313 HEAT: -6.032971
 CYCLE:    11 TIME:   0.016 TIME LEFT:  2.00D  GRAD.:     6.123 HEAT: -6.051316
 CYCLE:    12 TIME:   0.016 TIME LEFT:  2.00D  GRAD.:     2.912 HEAT: -6.054604
 CYCLE:    13 TIME:   0.016 TIME LEFT:  2.00D  GRAD.:     0.650 HEAT: -6.056051

     GRADIENT =  0.64973 IS LESS THAN CUTOFF =  1.00000



 -------------------------------------------------------------------------------
 STATIC RELSCF=0.01
 4-dimethylaminobenzaldehyde.mop



     GEOMETRY OPTIMISED USING EIGENVECTOR FOLLOWING (EF).     
     SCF FIELD WAS ACHIEVED                                   


                              PM7 CALCULATION
                                                       MOPAC2016 (Version: 19.179W)
                                                       Tue Oct 29 11:49:30 2019
                                                       No. of days remaining = 242




          FINAL HEAT OF FORMATION =         -6.05605 KCAL/MOL =     -25.33852 KJ/MOL


          TOTAL ENERGY            =      -1734.76517 EV
          ELECTRONIC ENERGY       =      -8990.87599 EV  POINT GROUP:     Cs  
          CORE-CORE REPULSION     =       7256.11082 EV
          COSMO AREA              =        190.64 SQUARE ANGSTROMS
          COSMO VOLUME            =        191.31 CUBIC ANGSTROMS

          GRADIENT NORM           =          0.64973 = 0.13852 PER ATOM
          IONIZATION POTENTIAL    =          8.195902 EV
          HOMO LUMO ENERGIES (EV) =         -8.196 -0.095
          NO. OF FILLED LEVELS    =         29
          MOLECULAR WEIGHT        =        149.1920

          MOLECULAR DIMENSIONS (Angstroms)

            Atom       Atom       Distance
            H    18    O     8     8.13334
            H    20    H    13     5.31929
            H    22    H    19     2.00209


          SCF CALCULATIONS        =         17
 
          WALL-CLOCK TIME         =          0.820 SECONDS
          COMPUTATION TIME        =          0.842 SECONDS




  ATOM    CHEMICAL      BOND LENGTH      BOND ANGLE     TWIST ANGLE 
 NUMBER    SYMBOL       (ANGSTROMS)      (DEGREES)       (DEGREES) 
   (I)                     NA:I           NB:NA:I       NC:NB:NA:I       NA    NB    NC 
     1       C          0.00000000       0.0000000       0.0000000        0     0     0
     2       C          1.38197554  *    0.0000000       0.0000000        1     0     0
     3       C          1.39857599  *  120.8768999  *    0.0000000        2     1     0
     4       C          1.39990854  *  119.1191952  *    0.0038123  *     3     2     1
     5       C          1.38210288  *  121.0167490  *   -0.0091904  *     4     3     2
     6       C          1.42175779  *  120.5355512  *    0.0118558  *     1     2     3
     7       C          1.46418399  *  120.9246801  * -179.9978657  *     3     2     1
     8       O          1.21128041  *  122.6216759  * -179.9987682  *     7     3     2
     9       N          1.36894724  *  120.9458507  *  179.9476317  *     6     1     2
    10       C          1.46228749  *  123.6051434  *    0.0078706  *     9     6     1
    11       C          1.46257758  *  123.5411064  *  179.9935832  *     9     6     1
    12       H          1.08444950  *  119.1277988  * -179.9957845  *     1     2     3
    13       H          1.09222837  *  119.4078447  * -179.9940418  *     2     1     6
    14       H          1.09636230  *  118.7645943  *  179.9942024  *     4     3     2
    15       H          1.08471983  *  119.1574130  *  179.9953792  *     5     4     3
    16       H          1.09924455  *  117.6562169  *    0.0005863  *     7     3     2
    17       H          1.10313109  *  112.6436180  *   -0.0196907  *    10     9     6
    18       H          1.10600073  *  110.3899699  *  119.9071685  *    10     9     6
    19       H          1.10598974  *  110.3812770  * -119.9322676  *    10     9     6
    20       H          1.10364120  *  112.5900459  *   -0.0439735  *    11     9     6
    21       H          1.10587254  *  110.3828703  *  119.8597120  *    11     9     6
    22       H          1.10588148  *  110.3910962  * -119.9549215  *    11     9     6

                             CARTESIAN COORDINATES

   1    C        0.000000000     0.000000000     0.000000000
   2    C        1.381975542     0.000000000     0.000000000
   3    C        2.099718112     1.200358445     0.000000000
   4    C        1.399681218     2.412667098     0.000081374
   5    C        0.017794287     2.437097911    -0.000028871
   6    C       -0.722356594     1.224579969    -0.000253394
   7    C        3.563901589     1.201579460    -0.000046788
   8    O        4.216039096     2.222322763    -0.000026191
   9    N       -2.091268310     1.234383050    -0.001328533
  10    C       -2.909295471     0.022312242    -0.002117272
  11    C       -2.890643547     2.459181967    -0.001505978
  12    H       -0.527865835    -0.947305846     0.000069698
  13    H        1.918284829    -0.951491018     0.000097939
  14    H        1.968142009     3.350143828     0.000178171
  15    H       -0.493865806     3.393560679     0.000115050
  16    H        4.074944571     0.228350989    -0.000091694
  17    H       -2.302992583    -0.899259795    -0.002101124
  18    H       -3.554015056    -0.008038575     0.896021414
  19    H       -3.552858107    -0.007455571    -0.901091309
  20    H       -2.269046150     3.371123842     0.000102820
  21    H       -3.532656156     2.499978119    -0.901011158
  22    H       -3.535386227     2.498638111     0.896115294


           Empirical Formula: C9 H11 N O  =    22 atoms



      MOLECULAR POINT GROUP   :   Cs  


                  EIGENVALUES  
 -36.88056 -30.60305 -29.97596 -26.64723 -26.38382 -25.11497 -24.39486 -21.81437
 -20.85028 -19.64453 -18.37175 -16.87964 -16.54911 -16.07057 -15.21730 -14.87255
 -14.57156 -14.15290 -14.10076 -13.84537 -13.49965 -13.32685 -13.02903 -12.88821
 -11.66477 -10.86179 -10.01251  -9.76514  -8.19590  -0.09480   0.33809   1.47959
   1.51429   2.71853   3.60223   3.95965   4.38308   4.51531   4.56890   4.85804
   4.88667   4.95341   4.99107   5.11124   5.25122   5.34407   5.62446   5.67471
   5.70071   5.83094   5.89761   6.13222   6.20120   6.40687   6.48144


              NET ATOMIC CHARGES AND DIPOLE CONTRIBUTIONS

  ATOM NO.   TYPE          CHARGE      No. of ELECS.   s-Pop       p-Pop       
    1          C          -0.356440        4.3564     1.06659     3.28985
    2          C           0.002816        3.9972     1.08750     2.90969
    3          C          -0.305692        4.3057     1.06133     3.24436
    4          C           0.036447        3.9636     1.09277     2.87078
    5          C          -0.362943        4.3629     1.06767     3.29527
    6          C           0.331517        3.6685     1.06208     2.60641
    7          C           0.365987        3.6340     1.12770     2.50631
    8          O          -0.469647        6.4696     1.87909     4.59055
    9          N          -0.409798        5.4098     1.52760     3.88220
   10          C          -0.229337        4.2293     1.05864     3.17069
   11          C          -0.227879        4.2279     1.05882     3.16906
   12          H           0.157075        0.8429     0.84293
   13          H           0.143901        0.8561     0.85610
   14          H           0.167740        0.8323     0.83226
   15          H           0.160317        0.8397     0.83968
   16          H           0.100700        0.8993     0.89930
   17          H           0.156297        0.8437     0.84370
   18          H           0.145212        0.8548     0.85479
   19          H           0.145228        0.8548     0.85477
   20          H           0.159292        0.8407     0.84071
   21          H           0.144609        0.8554     0.85539
   22          H           0.144600        0.8554     0.85540
 DIPOLE           X         Y         Z       TOTAL
 POINT-CHG.    -5.988    -2.270    -0.002     6.404
 HYBRID        -0.314     0.134     0.000     0.341
 SUM           -6.302    -2.136    -0.002     6.654


          ATOMIC ORBITAL ELECTRON POPULATIONS

     Atom    s        px        py        pz   
    1  C   1.06659   1.02267   1.04966   1.21751
    2  C   1.08750   0.99292   1.04160   0.87516
    3  C   1.06133   1.02260   1.00345   1.21832
    4  C   1.09277   0.98384   1.05132   0.83562
    5  C   1.06767   1.02530   1.04973   1.22024
    6  C   1.06208   0.78457   0.98305   0.83878
    7  C   1.12770   0.90572   0.92484   0.67575
    8  O   1.87909   1.72174   1.47280   1.39601
    9  N   1.52760   1.08268   1.09018   1.70934
   10  C   1.05864   1.06163   0.94932   1.15975
   11  C   1.05882   1.06652   0.94343   1.15911
   12  H   0.84293
   13  H   0.85610
   14  H   0.83226
   15  H   0.83968
   16  H   0.89930
   17  H   0.84370
   18  H   0.85479
   19  H   0.85477
   20  H   0.84071
   21  H   0.85539
   22  H   0.85540
 ******************** FINITE-FIELD POLARIZABILITIES ********************

    THE F-F METHOD IS PERFORMED USING BOTH AN ENERGY
    AND DIPOLE MOMENT EXPANSION.  THESE RESULTS ARE
    LISTED BELOW AS "H.o.F." AND "Dipole", RESPECTIVELY.

          MOLECULAR WEIGHT =  149.19



          ROTATIONAL CONSTANTS IN CM(-1)

          A =    0.10860862   B =    0.01909143   C =    0.01633968



           PRINCIPAL MOMENTS OF INERTIA IN UNITS OF 10**(-40)*GRAM-CM**2

          A =      257.7399   B =     1466.2482   C =     1713.1773


 ROTATION MATRIX FOR ORIENTATION OF MOLECULE:

         0.997076   -0.076416   -0.000259
         0.076416    0.997076   -0.000032
         0.000260    0.000012    1.000000


          CARTESIAN COORDINATES 

    NO.       ATOM         X         Y         Z

     1         C       -0.4322   -1.2918    0.0006
     2         C        0.9457   -1.3974    0.0003
     3         C        1.7531   -0.2554    0.0001
     4         C        1.1477    1.0069    0.0003
     5         C       -0.2283    1.1368    0.0005
     6         C       -1.0589   -0.0156    0.0005
     7         C        3.2131   -0.3660   -0.0004
     8         O        3.9413    0.6019   -0.0005
     9         N       -2.4231    0.0988   -0.0002
    10         C       -3.3313   -1.0472   -0.0007
    11         C       -3.1265    1.3811   -0.0002
    12         H       -1.0310   -2.1960    0.0009
    13         H        1.4077   -2.3871    0.0003
    14         H        1.7861    1.8982    0.0002
    15         H       -0.6653    2.1296    0.0008
    16         H        3.6482   -1.3755   -0.0005
    17         H       -2.7972   -2.0124   -0.0008
    18         H       -3.9763   -1.0282    0.8976
    19         H       -3.9755   -1.0277   -0.8995
    20         H       -2.4371    2.2429    0.0012
    21         H       -3.7638    1.4708   -0.8995
    22         H       -3.7661    1.4697    0.8976
  SCF CRITERION =    0.1000E-05


 ENERGY OF "REORIENTED" SYSTEM WITHOUT FIELD:       -6.05605 Kcal/mol


 APPLIED ELECTRIC FIELD MAGNITUDE:         0.10284 VOLTS PER ANGSTROM
    Step  1 of 36 done (+X)
    Step  2 of 36 done (-X)
    Step  3 of 36 done (+2X)
    Step  4 of 36 done (-2X)
    Step  5 of 36 done (+Y)
    Step  6 of 36 done (-Y)
    Step  7 of 36 done (+2Y)
    Step  8 of 36 done (-2Y)
    Step  9 of 36 done (+Y+X)
    Step 10 of 36 done (+Y-X)
    Step 11 of 36 done (-Y-X)
    Step 12 of 36 done (-Y+X)
    Step 13 of 36 done (+2Y+2X)
    Step 14 of 36 done (+2Y-2X)
    Step 15 of 36 done (-2Y-2X)
    Step 16 of 36 done (-2Y+2X)
    Step 17 of 36 done (+Z)
    Step 18 of 36 done (-Z)
    Step 19 of 36 done (+2Z)
    Step 20 of 36 done (-2Z)
    Step 21 of 36 done (+Z+X)
    Step 22 of 36 done (+Z-X)
    Step 23 of 36 done (-Z-X)
    Step 24 of 36 done (-Z+X)
    Step 25 of 36 done (+2Z+2X)
    Step 26 of 36 done (+2Z-2X)
    Step 27 of 36 done (-2Z-2X)
    Step 28 of 36 done (-2Z+2X)
    Step 29 of 36 done (+Z+Y)
    Step 30 of 36 done (+Z-Y)
    Step 31 of 36 done (-Z-Y)
    Step 32 of 36 done (-Z+Y)
    Step 33 of 36 done (+2Z+2Y)
    Step 34 of 36 done (+2Z-2Y)
    Step 35 of 36 done (-2Z-2Y)
    Step 36 of 36 done (-2Z+2Y)


 ****************************** DIPOLE ******************************


                     H.o.F.         Dipole

     X              2.536453       2.536820
     Y              0.648534       0.648528
     X             -0.000047      -0.000029


 MAGNITUDE:         2.618051       2.618405  (A.U.)
                    6.654422       6.655322  (DEBYE)


 ****************************** POLARIZABILITY ********************



 Polarizability Tensor from Heat of Formation:


                     1          2          3
 ------------------------------------------
          1 159.168176
          2   5.691911 121.328718
          3  -0.048773  -0.005078  93.797527




    ROOT NO.    1           2           3

            93.79749   120.49107   160.00586
  
         1   0.00074    -0.14560    -0.98934
         2   0.00003     0.98934    -0.14560
         3   1.00000     0.00008     0.00074

 Polarizability Tensor from Dipole Moment:


                     1          2          3
 ------------------------------------------
          1 159.128149
          2   5.665298 121.321218
          3   0.107774  -0.013818  93.803747




    ROOT NO.    1           2           3

            93.80355   120.49057   159.95900
  
         1  -0.00172    -0.14507    -0.98942
         2   0.00086     0.98942    -0.14507
         3   1.00000    -0.00110    -0.00158


 Average Polarizability from:     H.o.F         Dipole
                              124.764807     124.751038  A.U.
                               18.487649      18.485609  ANG.**3
                            3.697430D-23   3.697022D-23  ESU

 **********************
 *                    *
 * JOB ENDED NORMALLY *
 *                    *
 **********************



 TOTAL JOB TIME:             0.95 SECONDS

 == MOPAC DONE ==
