 *******************************************************************************
 ** Site#: 32691        For non-commercial use only    Version 19.179W 32BITS **
 *******************************************************************************
 ** Cite this program as: MOPAC2016, Version: 19.179W, James J. P. Stewart,   **
 ** Stewart Computational Chemistry, web: HTTP://OpenMOPAC.net. Days left: 242**
 *******************************************************************************
 **                                                                           **
 **                                MOPAC2016                                  **
 **                                                                           **
 *******************************************************************************

                              PM7 CALCULATION RESULTS

 *******************************************************************************
 *  CALCULATION DONE:                                Tue Oct 29 11:50:23 2019  *
 *  STATIC     - CALCULATE STATIC FIELD POLARIZABILITIES
 *  T=         - A TIME OF 172800.0 SECONDS REQUESTED
 *  DUMP=N     - RESTART FILE WRITTEN EVERY  7200.000 SECONDS
 *  RELSCF     - DEFAULT SCF CRITERION MULTIPLIED BY 0.0100
 *              (DEFAULT SCF CRITERION = 0.00010)
 *******************************************************************************
STATIC RELSCF=0.01
 4-diethylaminobenzaldehyde.mop

  ATOM    CHEMICAL      BOND LENGTH      BOND ANGLE     TWIST ANGLE 
 NUMBER    SYMBOL       (ANGSTROMS)      (DEGREES)       (DEGREES) 
   (I)                     NA:I           NB:NA:I       NC:NB:NA:I       NA    NB    NC 
     1       C          0.00000000       0.0000000       0.0000000        0     0     0
     2       C          1.34353200  *    0.0000000       0.0000000        1     0     0
     3       C          1.34171300  *  120.9062990  *    0.0000000        2     1     0
     4       C          1.34142200  *  116.9720770  *    0.0000430  *     3     2     1
     5       C          1.34369400  *  120.8296200  *    0.0002090  *     4     3     2
     6       C          1.35430600  *  124.1706180  *   -0.0003430  *     1     2     3
     7       C          1.36028900  *  121.0982370  * -179.9999260  *     3     2     1
     8       O          1.21144700  *  125.7732240  *  179.9997660  *     7     3     2
     9       N          1.29131000  *  123.5410230  * -179.9997100  *     6     1     2
    10       C          1.49936700  *  116.8985350  *    0.0041110  *     9     6     1
    11       C          1.49934200  *  116.8262860  * -179.9958910  *     9     6     1
    12       C          1.53368700  *  123.0398680  *  179.9859570  *    11     9     6
    13       C          1.53370300  *  123.0189880  *  179.9841720  *    10     9     6
    14       H          1.10102900  *  112.8387900  *  179.9986940  *     1     2     3
    15       H          1.10439800  *  118.5241630  * -179.9999770  *     2     1     6
    16       H          1.10374500  *  120.8876490  *  179.9998110  *     4     3     2
    17       H          1.10105800  *  112.8103600  *  179.9987850  *     5     4     3
    18       H          1.11599400  *  115.1843430  *   -0.0002450  *     7     3     2
    19       H          1.11946900  *  108.0974350  *  -59.4092620  *    10     9     6
    20       H          1.11947100  *  108.0975330  *   59.3862320  *    10     9     6
    21       H          1.11947500  *  108.0972500  *  -59.4233430  *    11     9     6
    22       H          1.11947700  *  108.0971880  *   59.4030670  *    11     9     6
    23       H          1.11554300  *  110.4519270  * -179.9951040  *    12    11     9
    24       H          1.11182700  *  112.2566030  *  -62.5835290  *    12    11     9
    25       H          1.11182300  *  112.2581150  *   62.5943180  *    12    11     9
    26       H          1.11554400  *  110.4593070  * -179.9945550  *    13    10     9
    27       H          1.11184100  *  112.2507580  *  -62.5781640  *    13    10     9
    28       H          1.11183800  *  112.2524250  *   62.5900680  *    13    10     9
 


          CARTESIAN COORDINATES 

    NO.       ATOM           X           Y           Z

     1         C          0.0000      0.0000      0.0000
     2         C          1.3435      0.0000      0.0000
     3         C          2.0327      1.1512      0.0000
     4         C          1.3194      2.2873      0.0000
     5         C         -0.0239      2.2570      0.0000
     6         C         -0.7607      1.1205      0.0000
     7         C          3.3930      1.1558     -0.0000
     8         O          4.0979      2.1410     -0.0000
     9         N         -2.0519      1.1063      0.0000
    10         C         -2.7155     -0.2382      0.0001
    11         C         -2.7432      2.4368     -0.0001
    12         C         -4.2696      2.5860     -0.0004
    13         C         -4.2386     -0.4185      0.0005
    14         H         -0.4274     -1.0147     -0.0000
    15         H          1.8709     -0.9703     -0.0000
    16         H          1.8204      3.2708      0.0000
    17         H         -0.4736      3.2620      0.0000
    18         H          3.8712      0.1474      0.0000
    19         H         -2.3838     -0.7898     -0.9158
    20         H         -2.3835     -0.7898      0.9159
    21         H         -2.4232      2.9950      0.9160
    22         H         -2.4229      2.9950     -0.9161
    23         H         -4.5558      3.6642     -0.0005
    24         H         -4.7346      2.1555     -0.9139
    25         H         -4.7350      2.1556      0.9130
    26         H         -4.5029     -1.5022      0.0006
    27         H         -4.7121      0.0026      0.9140
    28         H         -4.7126      0.0025     -0.9129

 General Reference for PM7:
 "Optimization of Parameters for Semiempirical Methods VI: More Modifications to the 
 NDDO Approximations and Re-optimization of Parameters", J. J. P. Stewart, J. Mol. Mod., 1:32, 19 (2013)
 http://www.springerlink.com/openurl.asp?genre=article&id=doi:10.1007/s00894-012-1667-x

           Empirical Formula: C11 H15 N O  =    28 atoms



      MOLECULAR POINT GROUP   :   Cs  


      RHF CALCULATION, NO. OF DOUBLY OCCUPIED LEVELS = 35


          Geometry optimization using EF
  SCF CRITERION =    0.1000E-05

          DIAGONAL MATRIX USED AS START HESSIAN

 CYCLE:     1 TIME:   0.047 TIME LEFT:  2.00D  GRAD.:   623.637 HEAT:  26.98188
 CYCLE:     2 TIME:   0.109 TIME LEFT:  2.00D  GRAD.:   371.643 HEAT:  17.34064
 CYCLE:     3 TIME:   0.031 TIME LEFT:  2.00D  GRAD.:   203.484 HEAT:  4.539147
 CYCLE:     4 TIME:   0.016 TIME LEFT:  2.00D  GRAD.:    85.968 HEAT: -5.583626
 CYCLE:     5 TIME:   0.031 TIME LEFT:  2.00D  GRAD.:    94.761 HEAT: -6.562485
 CYCLE:     6 TIME:   0.031 TIME LEFT:  2.00D  GRAD.:    94.340 HEAT: -7.273479
 CYCLE:     7 TIME:   0.016 TIME LEFT:  2.00D  GRAD.:    43.668 HEAT: -8.239299
 CYCLE:     8 TIME:   0.031 TIME LEFT:  2.00D  GRAD.:    29.277 HEAT: -8.364321
 CYCLE:     9 TIME:   0.031 TIME LEFT:  2.00D  GRAD.:    23.934 HEAT: -8.494449
 CYCLE:    10 TIME:   0.031 TIME LEFT:  2.00D  GRAD.:     8.521 HEAT: -8.516815
 CYCLE:    11 TIME:   0.031 TIME LEFT:  2.00D  GRAD.:    13.921 HEAT: -8.541426
 CYCLE:    12 TIME:   0.031 TIME LEFT:  2.00D  GRAD.:     3.036 HEAT: -8.554349
 CYCLE:    13 TIME:   0.016 TIME LEFT:  2.00D  GRAD.:     2.687 HEAT: -8.559015
 CYCLE:    14 TIME:   0.016 TIME LEFT:  2.00D  GRAD.:     1.068 HEAT: -8.560028
 CYCLE:    15 TIME:   0.016 TIME LEFT:  2.00D  GRAD.:     0.602 HEAT: -8.560626

     GRADIENT =  0.60156 IS LESS THAN CUTOFF =  1.00000



 -------------------------------------------------------------------------------
 STATIC RELSCF=0.01
 4-diethylaminobenzaldehyde.mop



     GEOMETRY OPTIMISED USING EIGENVECTOR FOLLOWING (EF).     
     SCF FIELD WAS ACHIEVED                                   


                              PM7 CALCULATION
                                                       MOPAC2016 (Version: 19.179W)
                                                       Tue Oct 29 11:50:23 2019
                                                       No. of days remaining = 242




          FINAL HEAT OF FORMATION =         -8.56063 KCAL/MOL =     -35.81766 KJ/MOL


          TOTAL ENERGY            =      -2034.33189 EV
          ELECTRONIC ENERGY       =     -11917.15582 EV  POINT GROUP:     Cs  
          CORE-CORE REPULSION     =       9882.82393 EV
          COSMO AREA              =        222.46 SQUARE ANGSTROMS
          COSMO VOLUME            =        231.76 CUBIC ANGSTROMS

          GRADIENT NORM           =          0.60156 = 0.11368 PER ATOM
          IONIZATION POTENTIAL    =          8.152662 EV
          HOMO LUMO ENERGIES (EV) =         -8.153 -0.078
          NO. OF FILLED LEVELS    =         35
          MOLECULAR WEIGHT        =        177.2456

          MOLECULAR DIMENSIONS (Angstroms)

            Atom       Atom       Distance
            H    26    O     8     9.47001
            H    23    H    15     6.72887
            H    21    H    19     1.81324


          SCF CALCULATIONS        =         19
 
          WALL-CLOCK TIME         =          0.516 SECONDS
          COMPUTATION TIME        =          0.827 SECONDS




  ATOM    CHEMICAL      BOND LENGTH      BOND ANGLE     TWIST ANGLE 
 NUMBER    SYMBOL       (ANGSTROMS)      (DEGREES)       (DEGREES) 
   (I)                     NA:I           NB:NA:I       NC:NB:NA:I       NA    NB    NC 
     1       C          0.00000000       0.0000000       0.0000000        0     0     0
     2       C          1.38291998  *    0.0000000       0.0000000        1     0     0
     3       C          1.39769423  *  120.9974583  *    0.0000000        2     1     0
     4       C          1.39891636  *  118.8974404  *    0.0011307  *     3     2     1
     5       C          1.38304155  *  121.1219813  *   -0.0018256  *     4     3     2
     6       C          1.42306978  *  120.7586344  *   -0.0024450  *     1     2     3
     7       C          1.46389059  *  121.0472549  * -179.9965934  *     3     2     1
     8       O          1.21157678  *  122.5663382  *  179.9995631  *     7     3     2
     9       N          1.38261586  *  121.1808038  *  179.9958973  *     6     1     2
    10       C          1.47526123  *  116.3121492  *   -0.0030918  *     9     6     1
    11       C          1.47581500  *  116.2171267  * -179.9927757  *     9     6     1
    12       C          1.52434437  *  120.0840526  *  179.9770695  *    11     9     6
    13       C          1.52450869  *  120.0758256  *  179.9869671  *    10     9     6
    14       H          1.08314087  *  118.1191978  *  179.9975008  *     1     2     3
    15       H          1.09215321  *  119.2973792  *  179.9989230  *     2     1     6
    16       H          1.09619598  *  118.7624130  *  179.9998415  *     4     3     2
    17       H          1.08343388  *  118.1001453  *  179.9970232  *     5     4     3
    18       H          1.09927647  *  117.7785349  *   -0.0000476  *     7     3     2
    19       H          1.12316088  *  106.9534183  *  -57.5093235  *    10     9     6
    20       H          1.12316500  *  106.9603743  *   57.4697742  *    10     9     6
    21       H          1.12339854  *  106.9241884  *  -57.5048405  *    11     9     6
    22       H          1.12340973  *  106.9163256  *   57.4818172  *    11     9     6
    23       H          1.10055109  *  109.4060394  *  179.9954014  *    12    11     9
    24       H          1.09570702  *  112.5061785  *  -61.8379391  *    12    11     9
    25       H          1.09571694  *  112.5166555  *   61.8220035  *    12    11     9
    26       H          1.10037778  *  109.4179376  * -179.9799727  *    13    10     9
    27       H          1.09585573  *  112.4939149  *  -61.7849842  *    13    10     9
    28       H          1.09583964  *  112.4869079  *   61.8331421  *    13    10     9

                             CARTESIAN COORDINATES

   1    C        0.000000000     0.000000000     0.000000000
   2    C        1.382919985     0.000000000     0.000000000
   3    C        2.102732584     1.198089727     0.000000000
   4    C        1.401053253     2.408301737     0.000024170
   5    C        0.018229515     2.432846537     0.000010086
   6    C       -0.727790034     1.222885627     0.000052184
   7    C        3.566622620     1.199362018    -0.000074568
   8    O        4.217897327     2.221007524    -0.000084265
   9    N       -2.110368364     1.233072993    -0.000032083
  10    C       -2.774020557    -0.084485892    -0.000248754
  11    C       -2.752571996     2.561833472    -0.000133177
  12    C       -4.272647130     2.675837597    -0.000758515
  13    C       -4.295937344    -0.173345350    -0.000054762
  14    H       -0.510492332    -0.955296661    -0.000041669
  15    H        1.917357035    -0.952457705    -0.000022740
  16    H        1.967807110     3.346617083     0.000026777
  17    H       -0.475041550     3.397477362     0.000079709
  18    H        4.079791245     0.227216602    -0.000129680
  19    H       -2.405884925    -0.636473530    -0.906491643
  20    H       -2.405515040    -0.637105199     0.905463781
  21    H       -2.375082529     3.107567513     0.906343705
  22    H       -2.374555090     3.107524313    -0.906430117
  23    H       -4.559659913     3.738304703    -0.000660700
  24    H       -4.726245408     2.230905544    -0.893427521
  25    H       -4.727201173     2.230476686     0.891222370
  26    H       -4.600653248    -1.230690821     0.000101931
  27    H       -4.742257991     0.279876748     0.892294599
  28    H       -4.742337566     0.279573156    -0.892498695


           Empirical Formula: C11 H15 N O  =    28 atoms



      MOLECULAR POINT GROUP   :   Cs  


                  EIGENVALUES  
 -36.52639 -30.57373 -29.92151 -27.80387 -27.69920 -25.87807 -25.52471 -22.90846
 -22.32587 -20.94607 -20.21937 -19.46891 -18.21547 -17.09936 -16.53092 -16.04924
 -15.39553 -15.04418 -14.91970 -14.37315 -14.35850 -14.32377 -13.96818 -13.84669
 -13.62248 -13.16077 -12.74316 -12.66968 -12.37166 -12.30722 -11.54254 -10.56790
  -9.95719  -9.75496  -8.15266  -0.07789   0.36898   1.53118   1.53298   2.75195
   3.44052   3.50065   3.95565   4.00740   4.56532   4.62715   4.79751   4.88981
   4.92832   4.97908   5.11183   5.26034   5.32314   5.33187   5.38389   5.40890
   5.63212   5.67128   5.69505   5.77805   5.86884   6.12166   6.19687   6.24710
   6.40903   6.43929   6.60595


              NET ATOMIC CHARGES AND DIPOLE CONTRIBUTIONS

  ATOM NO.   TYPE          CHARGE      No. of ELECS.   s-Pop       p-Pop       
    1          C          -0.353988        4.3540     1.06762     3.28637
    2          C           0.001843        3.9982     1.08725     2.91091
    3          C          -0.301840        4.3018     1.06122     3.24062
    4          C           0.035720        3.9643     1.09252     2.87176
    5          C          -0.360991        4.3610     1.06855     3.29244
    6          C           0.308917        3.6911     1.06466     2.62642
    7          C           0.361809        3.6382     1.12832     2.50988
    8          O          -0.469283        6.4693     1.87924     4.59005
    9          N          -0.459944        5.4599     1.55153     3.90842
   10          C          -0.033958        4.0340     1.06163     2.97233
   11          C          -0.032444        4.0324     1.06198     2.97046
   12          C          -0.459247        4.4592     1.05599     3.40326
   13          C          -0.457981        4.4580     1.05596     3.40202
   14          H           0.156848        0.8432     0.84315
   15          H           0.142070        0.8579     0.85793
   16          H           0.165853        0.8341     0.83415
   17          H           0.160246        0.8398     0.83975
   18          H           0.100864        0.8991     0.89914
   19          H           0.140164        0.8598     0.85984
   20          H           0.140182        0.8598     0.85982
   21          H           0.142186        0.8578     0.85781
   22          H           0.142185        0.8578     0.85782
   23          H           0.154286        0.8457     0.84571
   24          H           0.155446        0.8446     0.84455
   25          H           0.155459        0.8445     0.84454
   26          H           0.153354        0.8466     0.84665
   27          H           0.156128        0.8439     0.84387
   28          H           0.156114        0.8439     0.84389
 DIPOLE           X         Y         Z       TOTAL
 POINT-CHG.    -6.118    -2.257    -0.001     6.521
 HYBRID        -0.421     0.132    -0.000     0.441
 SUM           -6.538    -2.125    -0.001     6.875


          ATOMIC ORBITAL ELECTRON POPULATIONS

     Atom    s        px        py        pz   
    1  C   1.06762   1.02265   1.05134   1.21238
    2  C   1.08725   0.99325   1.04033   0.87733
    3  C   1.06122   1.02097   1.00523   1.21442
    4  C   1.09252   0.98412   1.05007   0.83758
    5  C   1.06855   1.02535   1.05176   1.21533
    6  C   1.06466   0.79501   0.98226   0.84915
    7  C   1.12832   0.90834   0.92514   0.67639
    8  O   1.87924   1.72292   1.47199   1.39514
    9  N   1.55153   1.09845   1.09853   1.71144
   10  C   1.06163   0.97742   0.85009   1.14483
   11  C   1.06198   0.97996   0.84417   1.14633
   12  C   1.05599   1.03840   1.18110   1.18376
   13  C   1.05596   1.03626   1.18138   1.18437
   14  H   0.84315
   15  H   0.85793
   16  H   0.83415
   17  H   0.83975
   18  H   0.89914
   19  H   0.85984
   20  H   0.85982
   21  H   0.85781
   22  H   0.85782
   23  H   0.84571
   24  H   0.84455
   25  H   0.84454
   26  H   0.84665
   27  H   0.84387
   28  H   0.84389
 ******************** FINITE-FIELD POLARIZABILITIES ********************

    THE F-F METHOD IS PERFORMED USING BOTH AN ENERGY
    AND DIPOLE MOMENT EXPANSION.  THESE RESULTS ARE
    LISTED BELOW AS "H.o.F." AND "Dipole", RESPECTIVELY.

          MOLECULAR WEIGHT =  177.25



          ROTATIONAL CONSTANTS IN CM(-1)

          A =    0.07353995   B =    0.01209609   C =    0.01047167



           PRINCIPAL MOMENTS OF INERTIA IN UNITS OF 10**(-40)*GRAM-CM**2

          A =      380.6472   B =     2314.2003   C =     2673.1907


 ROTATION MATRIX FOR ORIENTATION OF MOLECULE:

         0.998519   -0.054396   -0.000042
         0.054396    0.998519    0.000067
         0.000038   -0.000069    1.000000


          CARTESIAN COORDINATES 

    NO.       ATOM         X         Y         Z

     1         C        0.3191   -1.3278    0.0000
     2         C        1.7000   -1.4030   -0.0000
     3         C        2.4839   -0.2459    0.0000
     4         C        1.8491    1.0007    0.0001
     5         C        0.4697    1.1004    0.0002
     6         C       -0.3411   -0.0671    0.0002
     7         C        3.9457   -0.3242   -0.0001
     8         O        4.6516    0.6605   -0.0001
     9         N       -1.7210    0.0182    0.0001
    10         C       -2.4554   -1.2613   -0.0001
    11         C       -2.2900    1.3800    0.0002
    12         C       -3.8016    1.5765   -0.0004
    13         C       -3.9799   -1.2672    0.0001
    14         H       -0.2426   -2.2539   -0.0001
    15         H        2.1818   -2.3831   -0.0002
    16         H        2.4661    1.9068    0.0002
    17         H        0.0296    2.0905    0.0003
    18         H        4.4053   -1.3228   -0.0003
    19         H       -2.1178   -1.8324   -0.9064
    20         H       -2.1174   -1.8332    0.9055
    21         H       -1.8833    1.9043    0.9067
    22         H       -1.8829    1.9043   -0.9061
    23         H       -4.0304    2.6530   -0.0002
    24         H       -4.2788    1.1570   -0.8931
    25         H       -4.2797    1.1565    0.8916
    26         H       -4.3416   -2.3064    0.0002
    27         H       -4.4008   -0.7904    0.8925
    28         H       -4.4010   -0.7906   -0.8923
  SCF CRITERION =    0.1000E-05


 ENERGY OF "REORIENTED" SYSTEM WITHOUT FIELD:       -8.56063 Kcal/mol


 APPLIED ELECTRIC FIELD MAGNITUDE:         0.10284 VOLTS PER ANGSTROM
    Step  1 of 36 done (+X)
    Step  2 of 36 done (-X)
    Step  3 of 36 done (+2X)
    Step  4 of 36 done (-2X)
    Step  5 of 36 done (+Y)
    Step  6 of 36 done (-Y)
    Step  7 of 36 done (+2Y)
    Step  8 of 36 done (-2Y)
    Step  9 of 36 done (+Y+X)
    Step 10 of 36 done (+Y-X)
    Step 11 of 36 done (-Y-X)
    Step 12 of 36 done (-Y+X)
    Step 13 of 36 done (+2Y+2X)
    Step 14 of 36 done (+2Y-2X)
    Step 15 of 36 done (-2Y-2X)
    Step 16 of 36 done (-2Y+2X)
    Step 17 of 36 done (+Z)
    Step 18 of 36 done (-Z)
    Step 19 of 36 done (+2Z)
    Step 20 of 36 done (-2Z)
    Step 21 of 36 done (+Z+X)
    Step 22 of 36 done (+Z-X)
    Step 23 of 36 done (-Z-X)
    Step 24 of 36 done (-Z+X)
    Step 25 of 36 done (+2Z+2X)
    Step 26 of 36 done (+2Z-2X)
    Step 27 of 36 done (-2Z-2X)
    Step 28 of 36 done (-2Z+2X)
    Step 29 of 36 done (+Z+Y)
    Step 30 of 36 done (+Z-Y)
    Step 31 of 36 done (-Z-Y)
    Step 32 of 36 done (-Z+Y)
    Step 33 of 36 done (+2Z+2Y)
    Step 34 of 36 done (+2Z-2Y)
    Step 35 of 36 done (-2Z-2Y)
    Step 36 of 36 done (-2Z+2Y)


 ****************************** DIPOLE ******************************


                     H.o.F.         Dipole

     X              2.614104       2.614554
     Y              0.694996       0.694947
     X              0.000231       0.000174


 MAGNITUDE:         2.704914       2.705336  (A.U.)
                    6.875205       6.876278  (DEBYE)


 ****************************** POLARIZABILITY ********************



 Polarizability Tensor from Heat of Formation:


                     1          2          3
 ------------------------------------------
          1 185.078806
          2   7.620924 146.942161
          3   0.001593  -0.000816 117.926097




    ROOT NO.    1           2           3

           117.92610   145.47565   186.54532
  
         1  -0.00003    -0.18897    -0.98198
         2   0.00004     0.98198    -0.18897
         3   1.00000    -0.00004    -0.00002

 Polarizability Tensor from Dipole Moment:


                     1          2          3
 ------------------------------------------
          1 184.986378
          2   7.420417 146.923998
          3   0.323853  -0.014785 117.922230




    ROOT NO.    1           2           3

           117.92058   145.52872   186.38331
  
         1  -0.00503    -0.18480    -0.98276
         2   0.00180     0.98277    -0.18481
         3   0.99999    -0.00269    -0.00461


 Average Polarizability from:     H.o.F         Dipole
                              149.982355     149.944202  A.U.
                               22.224385      22.218732  ANG.**3
                            4.444757D-23   4.443626D-23  ESU

 **********************
 *                    *
 * JOB ENDED NORMALLY *
 *                    *
 **********************



 TOTAL JOB TIME:             0.77 SECONDS

 == MOPAC DONE ==
